<?xml version="1.0" encoding="UTF-8"?>
<testsuite xmlns:xsi="http://www.w3.org/2001/XMLSchema-instance" xsi:noNamespaceSchemaLocation="https://maven.apache.org/surefire/maven-surefire-plugin/xsd/surefire-test-report.xsd" name="com.amazon.amazonwebapp.testrunner.RunTest" time="0.974" tests="1" errors="0" skipped="1" failures="0">
  <properties>
[...]
</properties>
  <testcase name="MRS app test" classname="MRS application" time="0">
    <skipped message="This scenario is skipped"/>
    <system-out><![CDATA[@MRSTest
Feature: MRS application

  Scenario Outline: MRS app test # src/test/resources/com/amazon/amazonwebapp/feature/OpenMRSTest.feature:4
    Given user is logged in to MRS app
    When user clicks on option "<location>"
    And user clicks on login button
    And clicks on Apppoinment Scheduling
    Then user is navigated to "<title>" page
    Given user is logged in to MRS app
    When user clicks on option "<location>"
    And user clicks on login button
    And user clicks on Apppoinment Scheduling
    And user clicks on Manage Service Types
    Then user should be able to view a tabular list of Services

    Examples: 

  @MRSTest
  Scenario Outline: MRS app test                                # src/test/resources/com/amazon/amazonwebapp/feature/OpenMRSTest.feature:23
    Given user is logged in to MRS app                          # MRSHomePageTest.user_is_logged_in_to_MRS_app(DataTable)
    When user clicks on option "Inpatient Ward"                 # MRSHomePageTest.user_clicks_on_option(String)
    And user clicks on login button                             # MRSHomePageTest.user_clicks_on_login_button()
    And clicks on Apppoinment Scheduling                        # MRSHomePageTest.clicks_on_Apppoinment_Scheduling()
    Then user is navigated to "<title>" page                    # MRSHomePageTest.user_is_navigated_to_title_page(DataTable)
    Given user is logged in to MRS app                          # MRSHomePageTest.user_is_logged_in_to_MRS_app(DataTable)
    When user clicks on option "Inpatient Ward"                 # MRSHomePageTest.user_clicks_on_option(String)
    And user clicks on login button                             # MRSHomePageTest.user_clicks_on_login_button()
    And user clicks on Apppoinment Scheduling                   # MRSHomePageTest.user_clicks_on_Apppoinment_Scheduling()
    And user clicks on Manage Service Types                     # MRSHomePageTest.user_clicks_on_Manage_Service_Types()
    Then user should be able to view a tabular list of Services # MRSHomePageTest.user_should_be_able_to_view_a_tabular_list_of_Services()
]]></system-out>
  </testcase>
</testsuite>